[invalid-url-ref] lassberg-place-0182: @ref is not a URL, dropped: '-'
[invalid-url-ref] lassberg-place-0193: @ref is not a URL, dropped: '-'
[invalid-url-ref] lassberg-place-0198: @ref is not a URL, dropped: '-'
[invalid-url-note] lassberg-letter-0291: published_in_url is not a URL, dropped: '-'
[invalid-url-note] lassberg-letter-0384: published_in_url is not a URL, dropped: '-'
[invalid-url-note] lassberg-letter-0386: published_in_url is not a URL, dropped: '-'
[invalid-url-note] lassberg-letter-0387: published_in_url is not a URL, dropped: '-'
[invalid-url-note] lassberg-letter-0388: published_in_url is not a URL, dropped: '-'
[invalid-url-note] lassberg-letter-0392: published_in_url is not a URL, dropped: '-'
[invalid-url-note] lassberg-letter-0439: published_in_url is not a URL, dropped: '-'
[invalid-url-note] lassberg-letter-0441: published_in_url is not a URL, dropped: '-'
[invalid-url-note] lassberg-letter-0445: published_in_url is not a URL, dropped: '-'
[invalid-url-note] lassberg-letter-0494: published_in_url is not a URL, dropped: '-'
[invalid-url-note] lassberg-letter-0538: published_in_url is not a URL, dropped: '-'
[invalid-url-note] lassberg-letter-0555: published_in_url is not a URL, dropped: '-'
[invalid-url-note] lassberg-letter-0593: published_in_url is not a URL, dropped: '-'
[invalid-url-note] lassberg-letter-0606: published_in_url is not a URL, dropped: '-'
[invalid-url-note] lassberg-letter-0632: published_in_url is not a URL, dropped: '-'
[invalid-url-note] lassberg-letter-0644: published_in_url is not a URL, dropped: '-'
[invalid-url-note] lassberg-letter-0664: published_in_url is not a URL, dropped: '-'
[invalid-url-note] lassberg-letter-0691: published_in_url is not a URL, dropped: '-'
[invalid-url-note] lassberg-letter-0695: published_in_url is not a URL, dropped: '-'
[invalid-url-note] lassberg-letter-0712: published_in_url is not a URL, dropped: '-'
[invalid-url-note] lassberg-letter-0838: published_in_url is not a URL, dropped: '-'
[invalid-url-note] lassberg-letter-0846: url_facsimile is not a URL, dropped: 'done'
[invalid-url-note] lassberg-letter-0860: published_in_url is not a URL, dropped: '-'
[invalid-url-note] lassberg-letter-0887: published_in_url is not a URL, dropped: '-'
[invalid-url-note] lassberg-letter-0937: published_in_url is not a URL, dropped: '-'
[invalid-url-note] lassberg-letter-0945: published_in_url is not a URL, dropped: '-'
[invalid-url-note] lassberg-letter-0947: published_in_url is not a URL, dropped: '-'
[invalid-url-note] lassberg-letter-0970: published_in_url is not a URL, dropped: '-'
[invalid-url-note] lassberg-letter-1068: published_in_url is not a URL, dropped: '-'
[invalid-url-note] lassberg-letter-1129: published_in_url is not a URL, dropped: '-'
[invalid-url-note] lassberg-letter-1142: published_in_url is not a URL, dropped: '-'
[invalid-url-note] lassberg-letter-1181: published_in_url is not a URL, dropped: '-'
[invalid-url-note] lassberg-letter-1190: published_in_url is not a URL, dropped: '-'
[invalid-url-note] lassberg-letter-1224: published_in_url is not a URL, dropped: '-'
[invalid-url-note] lassberg-letter-1254: published_in_url is not a URL, dropped: '-'
[invalid-url-note] lassberg-letter-1275: published_in_url is not a URL, dropped: '-'
[invalid-url-note] lassberg-letter-1278: published_in_url is not a URL, dropped: '-'
[invalid-url-note] lassberg-letter-1314: published_in_url is not a URL, dropped: '-'
[invalid-url-note] lassberg-letter-1325: published_in_url is not a URL, dropped: '-'
[invalid-url-note] lassberg-letter-1326: published_in_url is not a URL, dropped: '-'
[invalid-url-note] lassberg-letter-1333: published_in_url is not a URL, dropped: '-'
[invalid-url-note] lassberg-letter-1347: published_in_url is not a URL, dropped: '-'
[invalid-url-note] lassberg-letter-1357: published_in_url is not a URL, dropped: '-'
[invalid-url-note] lassberg-letter-1418: published_in_url is not a URL, dropped: '-'
[invalid-url-note] lassberg-letter-1435: published_in_url is not a URL, dropped: '-'
[invalid-url-note] lassberg-letter-1441: published_in_url is not a URL, dropped: '-'
[invalid-url-note] lassberg-letter-1473: published_in_url is not a URL, dropped: '-'
[invalid-url-note] lassberg-letter-1494: published_in_url is not a URL, dropped: '-'
[invalid-url-note] lassberg-letter-1501: published_in_url is not a URL, dropped: '-'
[invalid-url-note] lassberg-letter-1548: published_in_url is not a URL, dropped: '-'
[invalid-url-note] lassberg-letter-1585: published_in_url is not a URL, dropped: '-'
[invalid-url-note] lassberg-letter-1587: published_in_url is not a URL, dropped: '-'
[invalid-url-note] lassberg-letter-1592: published_in_url is not a URL, dropped: '-'
[invalid-url-note] lassberg-letter-1596: published_in_url is not a URL, dropped: '-'
[invalid-url-note] lassberg-letter-1599: published_in_url is not a URL, dropped: '-'
[invalid-url-note] lassberg-letter-1603: published_in_url is not a URL, dropped: '-'
[invalid-url-note] lassberg-letter-1718: published_in_url is not a URL, dropped: '-'
[invalid-url-note] lassberg-letter-1719: published_in_url is not a URL, dropped: '-'
[invalid-url-note] lassberg-letter-1730: published_in_url is not a URL, dropped: '-'
[invalid-url-note] lassberg-letter-1737: published_in_url is not a URL, dropped: '-'
[invalid-url-note] lassberg-letter-1743: published_in_url is not a URL, dropped: '-'
[invalid-url-note] lassberg-letter-1766: published_in_url is not a URL, dropped: '-'
[invalid-url-note] lassberg-letter-1769: published_in_url is not a URL, dropped: '-'
[invalid-url-note] lassberg-letter-1774: published_in_url is not a URL, dropped: '-'
[invalid-url-note] lassberg-letter-1779: published_in_url is not a URL, dropped: '-'
[invalid-url-note] lassberg-letter-1784: published_in_url is not a URL, dropped: '-'
[invalid-url-note] lassberg-letter-1787: published_in_url is not a URL, dropped: '-'
[invalid-url-note] lassberg-letter-1802: published_in_url is not a URL, dropped: '-'
[invalid-url-note] lassberg-letter-1841: published_in_url is not a URL, dropped: '-'
[invalid-url-note] lassberg-letter-1848: published_in_url is not a URL, dropped: '-'
[invalid-url-note] lassberg-letter-1854: published_in_url is not a URL, dropped: '-'
[invalid-url-note] lassberg-letter-1857: published_in_url is not a URL, dropped: '-'
[invalid-url-note] lassberg-letter-1883: published_in_url is not a URL, dropped: '-'
[invalid-url-note] lassberg-letter-1889: published_in_url is not a URL, dropped: '-'
[invalid-url-note] lassberg-letter-1894: published_in_url is not a URL, dropped: '-'
[invalid-url-note] lassberg-letter-1907: published_in_url is not a URL, dropped: '-'
[invalid-url-note] lassberg-letter-1921: published_in_url is not a URL, dropped: '-'
[invalid-url-note] lassberg-letter-1935: published_in_url is not a URL, dropped: '-'
[invalid-url-note] lassberg-letter-1939: published_in_url is not a URL, dropped: '-'
[invalid-url-note] lassberg-letter-1946: published_in_url is not a URL, dropped: '-'
[invalid-url-note] lassberg-letter-1949: published_in_url is not a URL, dropped: '-'
[invalid-url-note] lassberg-letter-1955: published_in_url is not a URL, dropped: '-'
[invalid-url-note] lassberg-letter-1959: published_in_url is not a URL, dropped: '-'
[invalid-url-note] lassberg-letter-1960: published_in_url is not a URL, dropped: '-'
[invalid-url-note] lassberg-letter-1962: published_in_url is not a URL, dropped: '-'
[invalid-url-note] lassberg-letter-1969: published_in_url is not a URL, dropped: '-'
[invalid-url-note] lassberg-letter-1984: published_in_url is not a URL, dropped: '-'
[invalid-url-note] lassberg-letter-1985: published_in_url is not a URL, dropped: '-'
[invalid-url-note] lassberg-letter-1999: published_in_url is not a URL, dropped: '-'
[invalid-url-note] lassberg-letter-2013: published_in_url is not a URL, dropped: '-'
[invalid-url-note] lassberg-letter-2016: published_in_url is not a URL, dropped: '-'
[invalid-url-note] lassberg-letter-2021: published_in_url is not a URL, dropped: '-'
[invalid-url-note] lassberg-letter-2022: published_in_url is not a URL, dropped: '-'
[invalid-url-note] lassberg-letter-2051: published_in_url is not a URL, dropped: '-'
[invalid-url-note] lassberg-letter-2120: published_in_url is not a URL, dropped: '-'
[invalid-url-note] lassberg-letter-2127: published_in_url is not a URL, dropped: '-'
[invalid-url-note] lassberg-letter-2156: published_in_url is not a URL, dropped: '-'
[invalid-url-note] lassberg-letter-2161: published_in_url is not a URL, dropped: '-'
[invalid-url-note] lassberg-letter-2166: published_in_url is not a URL, dropped: '-'
[invalid-url-note] lassberg-letter-2205: published_in_url is not a URL, dropped: '-'
[invalid-url-note] lassberg-letter-2206: published_in_url is not a URL, dropped: '-'
[invalid-url-note] lassberg-letter-2214: published_in_url is not a URL, dropped: '-'
[invalid-url-note] lassberg-letter-2217: published_in_url is not a URL, dropped: '-'
[invalid-url-note] lassberg-letter-2227: published_in_url is not a URL, dropped: '-'
[invalid-url-note] lassberg-letter-2228: published_in_url is not a URL, dropped: '-'
[invalid-url-note] lassberg-letter-2235: published_in_url is not a URL, dropped: '-'
[invalid-url-note] lassberg-letter-2236: published_in_url is not a URL, dropped: '-'
[invalid-url-note] lassberg-letter-2255: published_in_url is not a URL, dropped: '-'
[invalid-url-note] lassberg-letter-2263: published_in_url is not a URL, dropped: '-'
[invalid-url-note] lassberg-letter-2270: published_in_url is not a URL, dropped: '-'
[invalid-url-note] lassberg-letter-2278: published_in_url is not a URL, dropped: '-'
[invalid-url-note] lassberg-letter-2295: published_in_url is not a URL, dropped: '-'
[invalid-url-note] lassberg-letter-2319: published_in_url is not a URL, dropped: '-'
[invalid-url-note] lassberg-letter-2358: published_in_url is not a URL, dropped: '-'
[invalid-url-note] lassberg-letter-2429: published_in_url is not a URL, dropped: '-'
[invalid-url-note] lassberg-letter-2467: published_in_url is not a URL, dropped: '-'
[invalid-url-note] lassberg-letter-2472: published_in_url is not a URL, dropped: '-'
[invalid-url-note] lassberg-letter-2474: published_in_url is not a URL, dropped: '-'
[invalid-url-note] lassberg-letter-2479: published_in_url is not a URL, dropped: '-'
[invalid-url-note] lassberg-letter-2544: published_in_url is not a URL, dropped: '-'
[invalid-url-note] lassberg-letter-2545: published_in_url is not a URL, dropped: '-'
[invalid-url-note] lassberg-letter-2595: published_in_url is not a URL, dropped: '-'
[invalid-url-note] lassberg-letter-2621: published_in_url is not a URL, dropped: '-'
[invalid-url-note] lassberg-letter-2624: published_in_url is not a URL, dropped: '-'
[invalid-url-note] lassberg-letter-2628: published_in_url is not a URL, dropped: '-'
[invalid-url-note] lassberg-letter-2632: published_in_url is not a URL, dropped: '-'
[invalid-url-note] lassberg-letter-2640: published_in_url is not a URL, dropped: '-'
[invalid-url-note] lassberg-letter-2647: published_in_url is not a URL, dropped: '-'
[invalid-url-note] lassberg-letter-2650: published_in_url is not a URL, dropped: '-'
[invalid-url-note] lassberg-letter-2659: published_in_url is not a URL, dropped: '-'
[invalid-url-note] lassberg-letter-2660: published_in_url is not a URL, dropped: '-'
[invalid-url-note] lassberg-letter-2682: published_in_url is not a URL, dropped: '-'
[invalid-url-note] lassberg-letter-2688: published_in_url is not a URL, dropped: '-'
[invalid-url-note] lassberg-letter-2693: published_in_url is not a URL, dropped: '-'
[invalid-url-note] lassberg-letter-2710: published_in_url is not a URL, dropped: '-'
[invalid-url-note] lassberg-letter-2724: published_in_url is not a URL, dropped: '-'
[invalid-url-note] lassberg-letter-2749: published_in_url is not a URL, dropped: '-'
[invalid-url-note] lassberg-letter-2768: published_in_url is not a URL, dropped: '-'
[invalid-url-note] lassberg-letter-2771: published_in_url is not a URL, dropped: '-'
[invalid-url-note] lassberg-letter-2780: published_in_url is not a URL, dropped: '-'
[invalid-url-note] lassberg-letter-2806: published_in_url is not a URL, dropped: '-'
[invalid-url-note] lassberg-letter-2846: published_in_url is not a URL, dropped: '-'
[invalid-url-note] lassberg-letter-2904: published_in_url is not a URL, dropped: '-'
[invalid-url-note] lassberg-letter-2905: published_in_url is not a URL, dropped: '-'
[invalid-url-note] lassberg-letter-2915: published_in_url is not a URL, dropped: '-'
[invalid-url-note] lassberg-letter-2954: published_in_url is not a URL, dropped: '-'
[invalid-url-note] lassberg-letter-2962: published_in_url is not a URL, dropped: '-'
[invalid-url-note] lassberg-letter-2974: published_in_url is not a URL, dropped: '-'
[invalid-url-note] lassberg-letter-2987: published_in_url is not a URL, dropped: '-'
[invalid-url-note] lassberg-letter-3022: published_in_url is not a URL, dropped: '-'
[invalid-url-note] lassberg-letter-3029: published_in_url is not a URL, dropped: '-'
[invalid-url-note] lassberg-letter-3039: published_in_url is not a URL, dropped: '-'
[invalid-url-note] lassberg-letter-3043: published_in_url is not a URL, dropped: '-'
[invalid-url-note] lassberg-letter-3044: published_in_url is not a URL, dropped: '-'
[invalid-url-note] lassberg-letter-3046: published_in_url is not a URL, dropped: '-'
[invalid-url-note] lassberg-letter-3048: published_in_url is not a URL, dropped: '-'
[invalid-url-note] lassberg-letter-3053: published_in_url is not a URL, dropped: '-'
[invalid-url-note] lassberg-letter-3055: published_in_url is not a URL, dropped: '-'
[invalid-url-note] lassberg-letter-3059: published_in_url is not a URL, dropped: '-'
[invalid-url-note] lassberg-letter-3062: published_in_url is not a URL, dropped: '-'
[invalid-url-note] lassberg-letter-3083: published_in_url is not a URL, dropped: '-'
[invalid-url-note] lassberg-letter-3092: published_in_url is not a URL, dropped: '-'
[invalid-url-note] lassberg-letter-3109: published_in_url is not a URL, dropped: '-'
[invalid-url-note] lassberg-letter-3115: published_in_url is not a URL, dropped: '-'
[invalid-url-note] lassberg-letter-3167: published_in_url is not a URL, dropped: '-'
[invalid-url-note] lassberg-letter-3171: published_in_url is not a URL, dropped: '-'
[invalid-url-note] lassberg-letter-3178: published_in_url is not a URL, dropped: '-'
[invalid-url-note] lassberg-letter-3207: published_in_url is not a URL, dropped: '-'
[rs-mentioned-mismatch] lassberg-letter-0952.xml: <rs> keys not present in <note type='mentioned'>: ['lassberg-correspondent-0179']
[place-under-received] lassberg-letter-0952: placeName found under correspAction[received] instead of [sent] ('lassberg-place-0025') - likely encoding quirk, not a real destination place
[rs-mentioned-mismatch] lassberg-letter-0966.xml: <rs> keys not present in <note type='mentioned'>: ['lassberg-correspondent-0179']
[place-under-received] lassberg-letter-0966: placeName found under correspAction[received] instead of [sent] ('lassberg-place-0025') - likely encoding quirk, not a real destination place
[place-under-received] lassberg-letter-0993: placeName found under correspAction[received] instead of [sent] ('lassberg-place-0025') - likely encoding quirk, not a real destination place
[place-under-received] lassberg-letter-1051: placeName found under correspAction[received] instead of [sent] ('lassberg-place-0025') - likely encoding quirk, not a real destination place
[place-under-received] lassberg-letter-1077: placeName found under correspAction[received] instead of [sent] ('lassberg-place-0025') - likely encoding quirk, not a real destination place
[place-under-received] lassberg-letter-1132: placeName found under correspAction[received] instead of [sent] ('lassberg-place-0025') - likely encoding quirk, not a real destination place
[place-under-received] lassberg-letter-1138: placeName found under correspAction[received] instead of [sent] ('lassberg-place-0025') - likely encoding quirk, not a real destination place
[place-under-received] lassberg-letter-1146: placeName found under correspAction[received] instead of [sent] ('lassberg-place-0025') - likely encoding quirk, not a real destination place
[place-under-received] lassberg-letter-1151: placeName found under correspAction[received] instead of [sent] ('lassberg-place-0025') - likely encoding quirk, not a real destination place
[place-under-received] lassberg-letter-1154: placeName found under correspAction[received] instead of [sent] ('lassberg-place-0043') - likely encoding quirk, not a real destination place
[place-under-received] lassberg-letter-1157: placeName found under correspAction[received] instead of [sent] ('lassberg-place-0152') - likely encoding quirk, not a real destination place
[place-under-received] lassberg-letter-1159: placeName found under correspAction[received] instead of [sent] ('lassberg-place-0025') - likely encoding quirk, not a real destination place
[place-under-received] lassberg-letter-1164: placeName found under correspAction[received] instead of [sent] ('lassberg-place-0025') - likely encoding quirk, not a real destination place
[place-under-received] lassberg-letter-1166: placeName found under correspAction[received] instead of [sent] ('lassberg-place-0025') - likely encoding quirk, not a real destination place
[place-under-received] lassberg-letter-1167: placeName found under correspAction[received] instead of [sent] ('lassberg-place-0025') - likely encoding quirk, not a real destination place
[place-under-received] lassberg-letter-1170: placeName found under correspAction[received] instead of [sent] ('lassberg-place-0025') - likely encoding quirk, not a real destination place
[place-under-received] lassberg-letter-1175: placeName found under correspAction[received] instead of [sent] ('lassberg-place-0025') - likely encoding quirk, not a real destination place
[place-under-received] lassberg-letter-1186: placeName found under correspAction[received] instead of [sent] ('lassberg-place-0025') - likely encoding quirk, not a real destination place
[place-under-received] lassberg-letter-1202: placeName found under correspAction[received] instead of [sent] ('lassberg-place-0025') - likely encoding quirk, not a real destination place
[place-under-received] lassberg-letter-1204: placeName found under correspAction[received] instead of [sent] ('lassberg-place-0025') - likely encoding quirk, not a real destination place
[place-under-received] lassberg-letter-1205: placeName found under correspAction[received] instead of [sent] ('lassberg-place-0152') - likely encoding quirk, not a real destination place
[place-under-received] lassberg-letter-1208: placeName found under correspAction[received] instead of [sent] ('lassberg-place-0025') - likely encoding quirk, not a real destination place
[place-under-received] lassberg-letter-1214: placeName found under correspAction[received] instead of [sent] ('lassberg-place-0025') - likely encoding quirk, not a real destination place
[place-under-received] lassberg-letter-1220: placeName found under correspAction[received] instead of [sent] ('lassberg-place-0025') - likely encoding quirk, not a real destination place
[place-under-received] lassberg-letter-1221: placeName found under correspAction[received] instead of [sent] ('lassberg-place-0152') - likely encoding quirk, not a real destination place
[place-under-received] lassberg-letter-1231: placeName found under correspAction[received] instead of [sent] ('lassberg-place-0025') - likely encoding quirk, not a real destination place
[place-under-received] lassberg-letter-1235: placeName found under correspAction[received] instead of [sent] ('lassberg-place-0025') - likely encoding quirk, not a real destination place
[place-under-received] lassberg-letter-1244: placeName found under correspAction[received] instead of [sent] ('lassberg-place-0152') - likely encoding quirk, not a real destination place
[place-under-received] lassberg-letter-1249: placeName found under correspAction[received] instead of [sent] ('lassberg-place-0025') - likely encoding quirk, not a real destination place
[place-under-received] lassberg-letter-1256: placeName found under correspAction[received] instead of [sent] ('lassberg-place-0025') - likely encoding quirk, not a real destination place
[place-under-received] lassberg-letter-1264: placeName found under correspAction[received] instead of [sent] ('lassberg-place-0025') - likely encoding quirk, not a real destination place
[place-under-received] lassberg-letter-1274: placeName found under correspAction[received] instead of [sent] ('lassberg-place-0025') - likely encoding quirk, not a real destination place
[place-under-received] lassberg-letter-1280: placeName found under correspAction[received] instead of [sent] ('lassberg-place-0025') - likely encoding quirk, not a real destination place
[place-under-received] lassberg-letter-1307: placeName found under correspAction[received] instead of [sent] ('lassberg-place-0025') - likely encoding quirk, not a real destination place
[place-under-received] lassberg-letter-1313: placeName found under correspAction[received] instead of [sent] ('lassberg-place-0152') - likely encoding quirk, not a real destination place
[place-under-received] lassberg-letter-1322: placeName found under correspAction[received] instead of [sent] ('lassberg-place-0025') - likely encoding quirk, not a real destination place
[place-under-received] lassberg-letter-1327: placeName found under correspAction[received] instead of [sent] ('lassberg-place-0025') - likely encoding quirk, not a real destination place
[place-under-received] lassberg-letter-1334: placeName found under correspAction[received] instead of [sent] ('lassberg-place-0025') - likely encoding quirk, not a real destination place
[place-under-received] lassberg-letter-1339: placeName found under correspAction[received] instead of [sent] ('lassberg-place-0025') - likely encoding quirk, not a real destination place
[place-under-received] lassberg-letter-1344: placeName found under correspAction[received] instead of [sent] ('lassberg-place-0025') - likely encoding quirk, not a real destination place
[place-under-received] lassberg-letter-1366: placeName found under correspAction[received] instead of [sent] ('lassberg-place-0025') - likely encoding quirk, not a real destination place
[place-under-received] lassberg-letter-1369: placeName found under correspAction[received] instead of [sent] ('lassberg-place-0025') - likely encoding quirk, not a real destination place
[place-under-received] lassberg-letter-1383: placeName found under correspAction[received] instead of [sent] ('lassberg-place-0152') - likely encoding quirk, not a real destination place
[place-under-received] lassberg-letter-1384: placeName found under correspAction[received] instead of [sent] ('lassberg-place-0025') - likely encoding quirk, not a real destination place
[place-under-received] lassberg-letter-1390: placeName found under correspAction[received] instead of [sent] ('lassberg-place-0152') - likely encoding quirk, not a real destination place
[place-under-received] lassberg-letter-1406: placeName found under correspAction[received] instead of [sent] ('lassberg-place-0025') - likely encoding quirk, not a real destination place
[place-under-received] lassberg-letter-1410: placeName found under correspAction[received] instead of [sent] ('lassberg-place-0025') - likely encoding quirk, not a real destination place
[place-under-received] lassberg-letter-1414: placeName found under correspAction[received] instead of [sent] ('lassberg-place-0025') - likely encoding quirk, not a real destination place
[place-under-received] lassberg-letter-1416: placeName found under correspAction[received] instead of [sent] ('lassberg-place-0152') - likely encoding quirk, not a real destination place
[place-under-received] lassberg-letter-1421: placeName found under correspAction[received] instead of [sent] ('lassberg-place-0025') - likely encoding quirk, not a real destination place
[place-under-received] lassberg-letter-1423: placeName found under correspAction[received] instead of [sent] ('lassberg-place-0025') - likely encoding quirk, not a real destination place
[place-under-received] lassberg-letter-1424: placeName found under correspAction[received] instead of [sent] ('lassberg-place-0025') - likely encoding quirk, not a real destination place
[place-under-received] lassberg-letter-1439: placeName found under correspAction[received] instead of [sent] ('lassberg-place-0025') - likely encoding quirk, not a real destination place
[place-under-received] lassberg-letter-1446: placeName found under correspAction[received] instead of [sent] ('lassberg-place-0025') - likely encoding quirk, not a real destination place
[place-under-received] lassberg-letter-1452: placeName found under correspAction[received] instead of [sent] ('lassberg-place-0152') - likely encoding quirk, not a real destination place
[place-under-received] lassberg-letter-1456: placeName found under correspAction[received] instead of [sent] ('lassberg-place-0025') - likely encoding quirk, not a real destination place
[place-under-received] lassberg-letter-1457: placeName found under correspAction[received] instead of [sent] ('lassberg-place-0025') - likely encoding quirk, not a real destination place
[place-under-received] lassberg-letter-1465: placeName found under correspAction[received] instead of [sent] ('lassberg-place-0016') - likely encoding quirk, not a real destination place
[place-under-received] lassberg-letter-1468: placeName found under correspAction[received] instead of [sent] ('lassberg-place-0025') - likely encoding quirk, not a real destination place
[place-under-received] lassberg-letter-1471: placeName found under correspAction[received] instead of [sent] ('lassberg-place-0152') - likely encoding quirk, not a real destination place
[place-under-received] lassberg-letter-1498: placeName found under correspAction[received] instead of [sent] ('lassberg-place-0025') - likely encoding quirk, not a real destination place
[place-under-received] lassberg-letter-1523: placeName found under correspAction[received] instead of [sent] ('lassberg-place-0025') - likely encoding quirk, not a real destination place
[place-under-received] lassberg-letter-1528: placeName found under correspAction[received] instead of [sent] ('lassberg-place-0025') - likely encoding quirk, not a real destination place
[place-under-received] lassberg-letter-1551: placeName found under correspAction[received] instead of [sent] ('lassberg-place-0025') - likely encoding quirk, not a real destination place
[place-under-received] lassberg-letter-1554: placeName found under correspAction[received] instead of [sent] ('lassberg-place-0025') - likely encoding quirk, not a real destination place
[place-under-received] lassberg-letter-1578: placeName found under correspAction[received] instead of [sent] ('lassberg-place-0025') - likely encoding quirk, not a real destination place
[place-under-received] lassberg-letter-1612: placeName found under correspAction[received] instead of [sent] ('lassberg-place-0025') - likely encoding quirk, not a real destination place
[place-under-received] lassberg-letter-1618: placeName found under correspAction[received] instead of [sent] ('lassberg-place-0025') - likely encoding quirk, not a real destination place
[place-under-received] lassberg-letter-1627: placeName found under correspAction[received] instead of [sent] ('lassberg-place-0025') - likely encoding quirk, not a real destination place
[place-under-received] lassberg-letter-1647: placeName found under correspAction[received] instead of [sent] ('lassberg-place-0025') - likely encoding quirk, not a real destination place
[place-under-received] lassberg-letter-1695: placeName found under correspAction[received] instead of [sent] ('lassberg-place-0025') - likely encoding quirk, not a real destination place
[place-under-received] lassberg-letter-1697: placeName found under correspAction[received] instead of [sent] ('lassberg-place-0025') - likely encoding quirk, not a real destination place
[place-under-received] lassberg-letter-1733: placeName found under correspAction[received] instead of [sent] ('lassberg-place-0025') - likely encoding quirk, not a real destination place
[place-under-received] lassberg-letter-1797: placeName found under correspAction[received] instead of [sent] ('lassberg-place-0025') - likely encoding quirk, not a real destination place
[place-under-received] lassberg-letter-1833: placeName found under correspAction[received] instead of [sent] ('lassberg-place-0025') - likely encoding quirk, not a real destination place
[place-under-received] lassberg-letter-1909: placeName found under correspAction[received] instead of [sent] ('lassberg-place-0025') - likely encoding quirk, not a real destination place
[rs-mentioned-mismatch] lassberg-letter-1959.xml: <rs> keys not present in <note type='mentioned'>: ['lassberg-literature-0069']
[rs-mentioned-mismatch] lassberg-letter-1961.xml: <rs> keys not present in <note type='mentioned'>: ['lassberg-literature-0069']
[place-under-received] lassberg-letter-2015: placeName found under correspAction[received] instead of [sent] ('lassberg-place-0025') - likely encoding quirk, not a real destination place
[place-under-received] lassberg-letter-2048: placeName found under correspAction[received] instead of [sent] ('lassberg-place-0025') - likely encoding quirk, not a real destination place
[place-under-received] lassberg-letter-2141: placeName found under correspAction[received] instead of [sent] ('lassberg-place-0025') - likely encoding quirk, not a real destination place
[place-under-received] lassberg-letter-2206: placeName found under correspAction[received] instead of [sent] ('lassberg-place-0025') - likely encoding quirk, not a real destination place
[place-under-received] lassberg-letter-2440: placeName found under correspAction[received] instead of [sent] ('lassberg-place-0025') - likely encoding quirk, not a real destination place
[place-under-received] lassberg-letter-2667: placeName found under correspAction[received] instead of [sent] ('lassberg-place-0025') - likely encoding quirk, not a real destination place
[missing-date] lassberg-letter-3266: no date on sent or received action
